\BOOKMARK [1][-]{section.1}{\376\377\000I\000n\000t\000r\000o\000d\000u\000c\000t\000i\000o\000n}{}% 1
\BOOKMARK [2][-]{subsection.1.1}{\376\377\000R\000e\000l\000a\000t\000e\000d\000\040\000w\000o\000r\000k}{section.1}% 2
\BOOKMARK [1][-]{section.2}{\376\377\000F\000r\000a\000m\000e\000w\000o\000r\000k\000\040\000f\000o\000r\000\040\000I\000n\000-\000C\000o\000n\000t\000e\000x\000t\000\040\000R\000e\000i\000n\000f\000o\000r\000c\000e\000m\000e\000n\000t\000\040\000L\000e\000a\000r\000n\000i\000n\000g}{}% 3
\BOOKMARK [1][-]{section.3}{\376\377\000S\000t\000a\000t\000i\000s\000t\000i\000c\000a\000l\000\040\000a\000n\000a\000l\000y\000s\000i\000s\000\040\000o\000f\000\040\000s\000u\000p\000e\000r\000v\000i\000s\000e\000d\000\040\000p\000r\000e\000t\000r\000a\000i\000n\000i\000n\000g}{}% 4
\BOOKMARK [2][-]{subsection.3.1}{\376\377\000M\000a\000i\000n\000\040\000r\000e\000s\000u\000l\000t}{section.3}% 5
\BOOKMARK [2][-]{subsection.3.2}{\376\377\000I\000m\000p\000l\000i\000c\000a\000t\000i\000o\000n\000s\000\040\000i\000n\000\040\000s\000p\000e\000c\000i\000a\000l\000\040\000c\000a\000s\000e\000s}{section.3}% 6
\BOOKMARK [1][-]{section.4}{\376\377\000A\000p\000p\000r\000o\000x\000i\000m\000a\000t\000i\000o\000n\000\040\000b\000y\000\040\000t\000r\000a\000n\000s\000f\000o\000r\000m\000e\000r\000s}{}% 7
\BOOKMARK [2][-]{subsection.4.1}{\376\377\000L\000i\000n\000U\000C\000B\000\040\000f\000o\000r\000\040\000l\000i\000n\000e\000a\000r\000\040\000b\000a\000n\000d\000i\000t\000s}{section.4}% 8
\BOOKMARK [2][-]{subsection.4.2}{\376\377\000T\000h\000o\000m\000p\000s\000o\000n\000\040\000s\000a\000m\000p\000l\000i\000n\000g\000\040\000f\000o\000r\000\040\000l\000i\000n\000e\000a\000r\000\040\000b\000a\000n\000d\000i\000t}{section.4}% 9
\BOOKMARK [2][-]{subsection.4.3}{\376\377\000U\000C\000B\000-\000V\000I\000\040\000f\000o\000r\000\040\000T\000a\000b\000u\000l\000a\000r\000\040\000M\000D\000P\000s}{section.4}% 10
\BOOKMARK [1][-]{section.5}{\376\377\000E\000x\000p\000e\000r\000i\000m\000e\000n\000t\000s}{}% 11
\BOOKMARK [1][-]{section.6}{\376\377\000C\000o\000n\000c\000l\000u\000s\000i\000o\000n\000s}{}% 12
\BOOKMARK [1][-]{appendix.A}{\376\377\000L\000i\000m\000i\000t\000a\000t\000i\000o\000n\000\040\000a\000n\000d\000\040\000d\000i\000s\000c\000u\000s\000s\000i\000o\000n}{}% 13
\BOOKMARK [1][-]{appendix.B}{\376\377\000E\000x\000p\000e\000r\000i\000m\000e\000n\000t\000a\000l\000\040\000d\000e\000t\000a\000i\000l\000s}{}% 14
\BOOKMARK [2][-]{subsection.B.1}{\376\377\000I\000m\000p\000l\000e\000m\000e\000n\000t\000a\000t\000i\000o\000n\000\040\000d\000e\000t\000a\000i\000l\000s}{appendix.B}% 15
\BOOKMARK [2][-]{subsection.B.2}{\376\377\000A\000d\000d\000i\000t\000i\000o\000n\000a\000l\000\040\000e\000x\000p\000e\000r\000i\000m\000e\000n\000t\000s\000\040\000a\000n\000d\000\040\000p\000l\000o\000t\000s}{appendix.B}% 16
\BOOKMARK [2][-]{subsection.B.3}{\376\377\000T\000h\000e\000\040\000e\000f\000f\000e\000c\000t\000\040\000o\000f\000\040\000d\000i\000s\000t\000r\000i\000b\000u\000t\000i\000o\000n\000\040\000r\000a\000t\000i\000o}{appendix.B}% 17
\BOOKMARK [1][-]{appendix.C}{\376\377\000T\000e\000c\000h\000n\000i\000c\000a\000l\000\040\000p\000r\000e\000l\000i\000m\000i\000n\000a\000r\000i\000e\000s}{}% 18
\BOOKMARK [1][-]{appendix.D}{\376\377\000P\000r\000o\000o\000f\000s\000\040\000i\000n\000\040\000S\000e\000c\000t\000i\000o\000n\000\040\0003}{}% 19
\BOOKMARK [2][-]{subsection.D.1}{\376\377\000P\000r\000o\000o\000f\000\040\000o\000f\000\040\000T\000h\000e\000o\000r\000e\000m\000\040\0006}{appendix.D}% 20
\BOOKMARK [2][-]{subsection.D.2}{\376\377\000P\000r\000o\000o\000f\000\040\000o\000f\000\040\000P\000r\000o\000p\000o\000s\000i\000t\000i\000o\000n\000\040\0007}{appendix.D}% 21
\BOOKMARK [2][-]{subsection.D.3}{\376\377\000A\000n\000\040\000a\000u\000x\000i\000l\000i\000a\000r\000y\000\040\000l\000e\000m\000m\000a}{appendix.D}% 22
\BOOKMARK [1][-]{appendix.E}{\376\377\000S\000o\000f\000t\000\040\000L\000i\000n\000U\000C\000B\000\040\000f\000o\000r\000\040\000l\000i\000n\000e\000a\000r\000\040\000s\000t\000o\000c\000h\000a\000s\000t\000i\000c\000\040\000b\000a\000n\000d\000i\000t}{}% 23
\BOOKMARK [2][-]{subsection.E.1}{\376\377\000E\000m\000b\000e\000d\000d\000i\000n\000g\000\040\000a\000n\000d\000\040\000e\000x\000t\000r\000a\000c\000t\000i\000o\000n\000\040\000m\000a\000p\000p\000i\000n\000g\000s}{appendix.E}% 24
\BOOKMARK [2][-]{subsection.E.2}{\376\377\000L\000i\000n\000U\000C\000B\000\040\000a\000n\000d\000\040\000s\000o\000f\000t\000\040\000L\000i\000n\000U\000C\000B}{appendix.E}% 25
\BOOKMARK [2][-]{subsection.E.3}{\376\377\000A\000p\000p\000r\000o\000x\000i\000m\000a\000t\000i\000o\000n\000\040\000o\000f\000\040\000t\000h\000e\000\040\000r\000i\000d\000g\000e\000\040\000e\000s\000t\000i\000m\000a\000t\000o\000r}{appendix.E}% 26
\BOOKMARK [2][-]{subsection.E.4}{\376\377\000P\000r\000o\000o\000f\000\040\000o\000f\000\040\000T\000h\000e\000o\000r\000e\000m\000\040\0008}{appendix.E}% 27
\BOOKMARK [2][-]{subsection.E.5}{\376\377\000P\000r\000o\000o\000f\000\040\000o\000f\000\040\000T\000h\000e\000o\000r\000e\000m\000\040\0009}{appendix.E}% 28
\BOOKMARK [1][-]{appendix.F}{\376\377\000T\000h\000o\000m\000p\000s\000o\000n\000\040\000s\000a\000m\000p\000l\000i\000n\000g\000\040\000f\000o\000r\000\040\000s\000t\000o\000c\000h\000a\000s\000t\000i\000c\000\040\000l\000i\000n\000e\000a\000r\000\040\000b\000a\000n\000d\000i\000t}{}% 29
\BOOKMARK [2][-]{subsection.F.1}{\376\377\000T\000h\000o\000m\000p\000s\000o\000n\000\040\000s\000a\000m\000p\000l\000i\000n\000g\000\040\000a\000l\000g\000o\000r\000i\000t\000h\000m}{appendix.F}% 30
\BOOKMARK [2][-]{subsection.F.2}{\376\377\000D\000e\000f\000i\000n\000i\000t\000i\000o\000n\000s\000\040\000a\000n\000d\000\040\000a\000s\000s\000u\000m\000p\000t\000i\000o\000n\000s}{appendix.F}% 31
\BOOKMARK [2][-]{subsection.F.3}{\376\377\000P\000r\000o\000o\000f\000\040\000o\000f\000\040\000T\000h\000e\000o\000r\000e\000m\000\040\0002\0003\000\040\000\050\000a\000n\000d\000\040\000h\000e\000n\000c\000e\000\040\000T\000h\000e\000o\000r\000e\000m\000\040\0001\0000\000\051\000\040}{appendix.F}% 32
\BOOKMARK [2][-]{subsection.F.4}{\376\377\000P\000r\000o\000o\000f\000\040\000o\000f\000\040\000T\000h\000e\000o\000r\000e\000m\000\040\0001\0001}{appendix.F}% 33
\BOOKMARK [2][-]{subsection.F.5}{\376\377\000P\000r\000o\000o\000f\000\040\000o\000f\000\040\000L\000e\000m\000m\000a\000\040\0002\0004}{appendix.F}% 34
\BOOKMARK [1][-]{appendix.G}{\376\377\000L\000e\000a\000r\000n\000i\000n\000g\000\040\000i\000n\000-\000c\000o\000n\000t\000e\000x\000t\000\040\000R\000L\000\040\000i\000n\000\040\000m\000a\000r\000k\000o\000v\000\040\000d\000e\000c\000i\000s\000i\000o\000n\000\040\000p\000r\000o\000c\000e\000s\000s\000e\000s}{}% 35
\BOOKMARK [2][-]{subsection.G.1}{\376\377\000E\000m\000b\000e\000d\000d\000i\000n\000g\000\040\000a\000n\000d\000\040\000e\000x\000t\000r\000a\000c\000t\000i\000o\000n\000\040\000m\000a\000p\000p\000i\000n\000g\000s}{appendix.G}% 36
\BOOKMARK [2][-]{subsection.G.2}{\376\377\000U\000C\000B\000-\000V\000I\000\040\000a\000n\000d\000\040\000s\000o\000f\000t\000\040\000U\000C\000B\000-\000V\000I}{appendix.G}% 37
\BOOKMARK [2][-]{subsection.G.3}{\376\377\000P\000r\000o\000o\000f\000\040\000o\000f\000\040\000T\000h\000e\000o\000r\000e\000m\000\040\0001\0002}{appendix.G}% 38
\BOOKMARK [2][-]{subsection.G.4}{\376\377\000P\000r\000o\000o\000f\000\040\000o\000f\000\040\000T\000h\000e\000o\000r\000e\000m\000\040\0001\0003}{appendix.G}% 39
